#
# There is insufficient memory for the Java Runtime Environment to continue.
# Native memory allocation (malloc) failed to allocate 1008496 bytes for Chunk::new
# Possible reasons:
#   The system is out of physical RAM or swap space
#   In 32 bit mode, the process size limit was hit
# Possible solutions:
#   Reduce memory load on the system
#   Increase physical memory or swap space
#   Check if swap backing store is full
#   Use 64 bit Java on a 64 bit OS
#   Decrease Java heap size (-Xmx/-Xms)
#   Decrease number of Java threads
#   Decrease Java thread stack sizes (-Xss)
#   Set larger code cache with -XX:ReservedCodeCacheSize=
# This output file may be truncated or incomplete.
#
#  Out of Memory Error (allocation.cpp:390), pid=8512, tid=5996
#
# JRE version: Java(TM) SE Runtime Environment (8.0_25-b18) (build 1.8.0_25-b18)
# Java VM: Java HotSpot(TM) 64-Bit Server VM (25.25-b02 mixed mode windows-amd64 compressed oops)
# Failed to write core dump. Minidumps are not enabled by default on client versions of Windows
#

---------------  T H R E A D  ---------------

Current thread (0x000000001523d000):  JavaThread "C2 CompilerThread0" daemon [_thread_in_native, id=5996, stack(0x00000000167a0000,0x00000000168a0000)]

Stack: [0x00000000167a0000,0x00000000168a0000]
Native frames: (J=compiled Java code, j=interpreted, Vv=VM code, C=native code)
V  [jvm.dll+0x31667a]
V  [jvm.dll+0x267073]
V  [jvm.dll+0x267cb3]
V  [jvm.dll+0x25f5b5]
V  [jvm.dll+0xbf165]
V  [jvm.dll+0xbf60c]
V  [jvm.dll+0x45d672]
V  [jvm.dll+0x49e8ef]
V  [jvm.dll+0x4524ef]
V  [jvm.dll+0x453864]
V  [jvm.dll+0x437372]
V  [jvm.dll+0x98a02]
V  [jvm.dll+0x991f3]
V  [jvm.dll+0x22bde4]
V  [jvm.dll+0x2852fa]
C  [msvcr100.dll+0x21d9f]


Current CompileTask:
C2:   2864 1061   !   4       com.android.dx.cf.code.BytecodeArray::parseInstruction (2764 bytes)


---------------  P R O C E S S  ---------------

Java Threads: ( => current thread )
  0x0000000016be7000 JavaThread "pool-2-thread-1" [_thread_blocked, id=11136, stack(0x00000000171a0000,0x00000000172a0000)]
  0x0000000016bdf000 JavaThread "pool-1-thread-1" [_thread_in_Java, id=11084, stack(0x00000000170a0000,0x00000000171a0000)]
  0x0000000016aa4800 JavaThread "Service Thread" daemon [_thread_blocked, id=304, stack(0x0000000016ea0000,0x0000000016fa0000)]
  0x000000001529c800 JavaThread "C1 CompilerThread2" daemon [_thread_blocked, id=8348, stack(0x00000000169a0000,0x0000000016aa0000)]
  0x0000000015240000 JavaThread "C2 CompilerThread1" daemon [_thread_in_native, id=10528, stack(0x00000000168a0000,0x00000000169a0000)]
=>0x000000001523d000 JavaThread "C2 CompilerThread0" daemon [_thread_in_native, id=5996, stack(0x00000000167a0000,0x00000000168a0000)]
  0x000000001523b800 JavaThread "Attach Listener" daemon [_thread_blocked, id=8316, stack(0x00000000166a0000,0x00000000167a0000)]
  0x000000001523a800 JavaThread "Signal Dispatcher" daemon [_thread_blocked, id=1148, stack(0x00000000165a0000,0x00000000166a0000)]
  0x0000000002b5e000 JavaThread "Finalizer" daemon [_thread_blocked, id=10560, stack(0x00000000164a0000,0x00000000165a0000)]
  0x0000000002b5a800 JavaThread "Reference Handler" daemon [_thread_blocked, id=10748, stack(0x00000000163a0000,0x00000000164a0000)]
  0x0000000002a70800 JavaThread "main" [_thread_blocked, id=5028, stack(0x00000000028e0000,0x00000000029e0000)]

Other Threads:
  0x0000000015205800 VMThread [stack: 0x00000000162a0000,0x00000000163a0000] [id=2856]
  0x0000000016aa8800 WatcherThread [stack: 0x0000000016fa0000,0x00000000170a0000] [id=9616]

VM state:not at safepoint (normal execution)

VM Mutex/Monitor currently owned by a thread: None

Heap:
 PSYoungGen      total 28672K, used 21950K [0x00000000eab00000, 0x00000000ecb00000, 0x0000000100000000)
  eden space 24576K, 89% used [0x00000000eab00000,0x00000000ec06faf8,0x00000000ec300000)
  from space 4096K, 0% used [0x00000000ec700000,0x00000000ec700000,0x00000000ecb00000)
  to   space 4096K, 0% used [0x00000000ec300000,0x00000000ec300000,0x00000000ec700000)
 ParOldGen       total 65536K, used 0K [0x00000000c0000000, 0x00000000c4000000, 0x00000000eab00000)
  object space 65536K, 0% used [0x00000000c0000000,0x00000000c0000000,0x00000000c4000000)
 Metaspace       used 5697K, capacity 6832K, committed 7040K, reserved 1056768K
  class space    used 575K, capacity 616K, committed 640K, reserved 1048576K

Card table byte_map: [0x0000000011f30000,0x0000000012140000] byte_map_base: 0x0000000011930000

Marking Bits: (ParMarkBitMap*) 0x00000000665bd490
 Begin Bits: [0x00000000126a0000, 0x00000000136a0000)
 End Bits:   [0x00000000136a0000, 0x00000000146a0000)

Polling page: 0x0000000002800000

CodeCache: size=245760Kb used=4383Kb max_used=4394Kb free=241376Kb
 bounds [0x0000000002b70000, 0x0000000002fc0000, 0x0000000011b70000]
 total_blobs=1369 nmethods=1105 adapters=178
 compilation: enabled

Compilation events (10 events):
Event: 2.843 Thread 0x000000001529c800 1102       3       com.android.dx.ssa.back.FirstFitLocalCombiningAllocator::getAlignment (32 bytes)
Event: 2.843 Thread 0x000000001529c800 nmethod 1102 0x0000000002faa250 code [0x0000000002faa3c0, 0x0000000002faa690]
Event: 2.843 Thread 0x000000001529c800 1099       3       com.android.dx.dex.code.RopTranslator$TranslationVisitor::visitPlainCstInsn (161 bytes)
Event: 2.846 Thread 0x000000001529c800 nmethod 1099 0x0000000002faa750 code [0x0000000002faaae0, 0x0000000002facf18]
Event: 2.846 Thread 0x000000001529c800 1101       3       com.android.dx.rop.code.Rops::opConst (85 bytes)
Event: 2.847 Thread 0x000000001529c800 nmethod 1101 0x0000000002fae950 code [0x0000000002faeb80, 0x0000000002faf868]
Event: 2.847 Thread 0x000000001529c800 1104       3       com.android.dx.cf.code.Merger::mergeType (142 bytes)
Event: 2.849 Thread 0x000000001529c800 nmethod 1104 0x0000000002fafdd0 code [0x0000000002fb0080, 0x0000000002fb1508]
Event: 2.849 Thread 0x000000001529c800 1105       2       com.android.dx.rop.type.Type::equals (31 bytes)
Event: 2.849 Thread 0x000000001529c800 nmethod 1105 0x0000000002fb1c10 code [0x0000000002fb1d80, 0x0000000002fb1fa8]

GC Heap History (0 events):
No events

Deoptimization events (5 events):
Event: 1.484 Thread 0x0000000002a70800 Uncommon trap: reason=class_check action=maybe_recompile pc=0x0000000002e142b0 method=com.android.dx.ssa.NormalSsaInsn.accept(Lcom/android/dx/ssa/SsaInsn$Visitor;)V @ 9
Event: 2.450 Thread 0x0000000002a70800 Uncommon trap: reason=unloaded action=reinterpret pc=0x0000000002dcb4f8 method=com.android.dx.cf.cst.ConstantPoolParser.parse0(ILjava/util/BitSet;)Lcom/android/dx/rop/cst/Constant; @ 475
Event: 2.831 Thread 0x0000000016bdf000 Uncommon trap: reason=class_check action=maybe_recompile pc=0x0000000002ebeae0 method=com.android.dx.rop.type.Type.equals(Ljava/lang/Object;)Z @ 8
Event: 2.831 Thread 0x0000000016bdf000 Uncommon trap: reason=class_check action=maybe_recompile pc=0x0000000002ebeae0 method=com.android.dx.rop.type.Type.equals(Ljava/lang/Object;)Z @ 8
Event: 2.847 Thread 0x0000000016bdf000 Uncommon trap: reason=null_check action=make_not_entrant pc=0x0000000002ebeaf0 method=com.android.dx.rop.type.Type.equals(Ljava/lang/Object;)Z @ 8

Internal exceptions (10 events):
Event: 1.201 Thread 0x0000000002a70800 Exception <a 'java/security/PrivilegedActionException'> (0x00000000eb720858) thrown at [D:\re\workspace\8-2-build-windows-amd64-cygwin\jdk8u25\1677\hotspot\src\share\vm\prims\jvm.cpp, line 1312]
Event: 1.202 Thread 0x0000000002a70800 Exception <a 'java/security/PrivilegedActionException'> (0x00000000eb723c18) thrown at [D:\re\workspace\8-2-build-windows-amd64-cygwin\jdk8u25\1677\hotspot\src\share\vm\prims\jvm.cpp, line 1312]
Event: 1.202 Thread 0x0000000002a70800 Exception <a 'java/security/PrivilegedActionException'> (0x00000000eb7280a0) thrown at [D:\re\workspace\8-2-build-windows-amd64-cygwin\jdk8u25\1677\hotspot\src\share\vm\prims\jvm.cpp, line 1312]
Event: 1.204 Thread 0x0000000002a70800 Exception <a 'java/security/PrivilegedActionException'> (0x00000000eb72e560) thrown at [D:\re\workspace\8-2-build-windows-amd64-cygwin\jdk8u25\1677\hotspot\src\share\vm\prims\jvm.cpp, line 1312]
Event: 1.445 Thread 0x0000000002a70800 Exception <a 'java/security/PrivilegedActionException'> (0x00000000eb74b660) thrown at [D:\re\workspace\8-2-build-windows-amd64-cygwin\jdk8u25\1677\hotspot\src\share\vm\prims\jvm.cpp, line 1312]
Event: 1.479 Thread 0x0000000002a70800 Exception <a 'java/security/PrivilegedActionException'> (0x00000000eb91fa58) thrown at [D:\re\workspace\8-2-build-windows-amd64-cygwin\jdk8u25\1677\hotspot\src\share\vm\prims\jvm.cpp, line 1312]
Event: 1.632 Thread 0x0000000002a70800 Exception <a 'java/security/PrivilegedActionException'> (0x00000000eb951980) thrown at [D:\re\workspace\8-2-build-windows-amd64-cygwin\jdk8u25\1677\hotspot\src\share\vm\prims\jvm.cpp, line 1312]
Event: 2.444 Thread 0x0000000002a70800 Exception <a 'java/security/PrivilegedActionException'> (0x00000000ebb6c120) thrown at [D:\re\workspace\8-2-build-windows-amd64-cygwin\jdk8u25\1677\hotspot\src\share\vm\prims\jvm.cpp, line 1312]
Event: 2.455 Thread 0x0000000016bdf000 Exception <a 'java/security/PrivilegedActionException'> (0x00000000eb6a9320) thrown at [D:\re\workspace\8-2-build-windows-amd64-cygwin\jdk8u25\1677\hotspot\src\share\vm\prims\jvm.cpp, line 1312]
Event: 2.847 Thread 0x0000000016bdf000 Implicit null exception at 0x0000000002ebe9e2 to 0x0000000002ebeae1

Events (10 events):
Event: 2.831 Thread 0x0000000016bdf000 Uncommon trap: trap_request=0xffffffde fr.pc=0x0000000002ebeae0
Event: 2.831 Thread 0x0000000016bdf000 DEOPT PACKING pc=0x0000000002ebeae0 sp=0x000000001719e7e0
Event: 2.831 Thread 0x0000000016bdf000 DEOPT UNPACKING pc=0x0000000002bb556a sp=0x000000001719e778 mode 2
Event: 2.831 Thread 0x0000000016bdf000 Uncommon trap: trap_request=0xffffffde fr.pc=0x0000000002ebeae0
Event: 2.831 Thread 0x0000000016bdf000 DEOPT PACKING pc=0x0000000002ebeae0 sp=0x000000001719e760
Event: 2.831 Thread 0x0000000016bdf000 DEOPT UNPACKING pc=0x0000000002bb556a sp=0x000000001719e6f8 mode 2
Event: 2.840 Thread 0x0000000016c59000 Thread exited: 0x0000000016c59000
Event: 2.847 Thread 0x0000000016bdf000 Uncommon trap: trap_request=0xfffffff4 fr.pc=0x0000000002ebeaf0
Event: 2.847 Thread 0x0000000016bdf000 DEOPT PACKING pc=0x0000000002ebeaf0 sp=0x000000001719e400
Event: 2.847 Thread 0x0000000016bdf000 DEOPT UNPACKING pc=0x0000000002bb556a sp=0x000000001719e3a8 mode 2


Dynamic libraries:
0x00007ff61ae80000 - 0x00007ff61aeb4000 	C:\Program Files\Java\jdk1.8.0_25\bin\java.exe
0x00007ffee7d00000 - 0x00007ffee7ec1000 	C:\WINDOWS\SYSTEM32\ntdll.dll
0x00007ffee77d0000 - 0x00007ffee787d000 	C:\WINDOWS\system32\KERNEL32.DLL
0x00007ffee4dd0000 - 0x00007ffee4fb8000 	C:\WINDOWS\system32\KERNELBASE.dll
0x00007ffee6840000 - 0x00007ffee68e7000 	C:\WINDOWS\system32\ADVAPI32.dll
0x00007ffee6d50000 - 0x00007ffee6ded000 	C:\WINDOWS\system32\msvcrt.dll
0x00007ffee6a90000 - 0x00007ffee6aeb000 	C:\WINDOWS\system32\sechost.dll
0x00007ffee68f0000 - 0x00007ffee6a0c000 	C:\WINDOWS\system32\RPCRT4.dll
0x00007ffee72f0000 - 0x00007ffee7446000 	C:\WINDOWS\system32\USER32.dll
0x00007ffee6b00000 - 0x00007ffee6c86000 	C:\WINDOWS\system32\GDI32.dll
0x00007ffed8b70000 - 0x00007ffed8de4000 	C:\WINDOWS\WinSxS\amd64_microsoft.windows.common-controls_6595b64144ccf1df_6.0.10586.672_none_a2d6b3cea53ff843\COMCTL32.dll
0x00007ffee7a80000 - 0x00007ffee7cfd000 	C:\WINDOWS\system32\combase.dll
0x00007ffee4fe0000 - 0x00007ffee504a000 	C:\WINDOWS\system32\bcryptPrimitives.dll
0x00007ffee7a40000 - 0x00007ffee7a7b000 	C:\WINDOWS\system32\IMM32.DLL
0x00000000657d0000 - 0x00000000658a2000 	C:\Program Files\Java\jdk1.8.0_25\jre\bin\msvcr100.dll
0x0000000065de0000 - 0x000000006663a000 	C:\Program Files\Java\jdk1.8.0_25\jre\bin\server\jvm.dll
0x00007ffee6a80000 - 0x00007ffee6a88000 	C:\WINDOWS\system32\PSAPI.DLL
0x00007ffeddfc0000 - 0x00007ffeddfc9000 	C:\WINDOWS\SYSTEM32\WSOCK32.dll
0x00007ffee67d0000 - 0x00007ffee683b000 	C:\WINDOWS\system32\WS2_32.dll
0x00007ffee2790000 - 0x00007ffee27b3000 	C:\WINDOWS\SYSTEM32\WINMM.dll
0x00007ffee2760000 - 0x00007ffee278c000 	C:\WINDOWS\SYSTEM32\WINMMBASE.dll
0x00007ffee50b0000 - 0x00007ffee50f3000 	C:\WINDOWS\system32\cfgmgr32.dll
0x0000000065cf0000 - 0x0000000065cff000 	C:\Program Files\Java\jdk1.8.0_25\jre\bin\verify.dll
0x0000000065cc0000 - 0x0000000065ce8000 	C:\Program Files\Java\jdk1.8.0_25\jre\bin\java.dll
0x0000000065ca0000 - 0x0000000065cb6000 	C:\Program Files\Java\jdk1.8.0_25\jre\bin\zip.dll
0x00007ffee5110000 - 0x00007ffee666c000 	C:\WINDOWS\system32\SHELL32.dll
0x00007ffee4780000 - 0x00007ffee4dc5000 	C:\WINDOWS\system32\windows.storage.dll
0x00007ffee6c90000 - 0x00007ffee6ce2000 	C:\WINDOWS\system32\shlwapi.dll
0x00007ffee4380000 - 0x00007ffee438f000 	C:\WINDOWS\system32\kernel.appcore.dll
0x00007ffee44f0000 - 0x00007ffee45a5000 	C:\WINDOWS\system32\shcore.dll
0x00007ffee4330000 - 0x00007ffee437b000 	C:\WINDOWS\system32\powrprof.dll
0x00007ffee4390000 - 0x00007ffee43a4000 	C:\WINDOWS\system32\profapi.dll
0x00007ffec73c0000 - 0x00007ffec754c000 	C:\WINDOWS\SYSTEM32\dbghelp.dll

VM Arguments:
jvm_args: -Djava.awt.headless=true -Xmx1024M -Dfile.encoding=windows-1252 -Duser.country=PH -Duser.language=en -Duser.variant 
java_command: com.android.dx.command.Main --dex --num-threads=4 --output C:\Users\lauro\Documents\MyApplication\app\build\intermediates\pre-dexed\debug\debug_017f649e2de8c44588543045e63a324e86604834.jar C:\Users\lauro\Documents\MyApplication\app\build\intermediates\classes\debug
java_class_path (initial): C:\Users\lauro\AppData\Local\Android\sdk1\build-tools\23.0.1\lib\dx.jar
Launcher Type: SUN_STANDARD

Environment Variables:
JAVA_HOME=C:\Program Files\Java\jdk1.8.0_25
PATH=C:\ProgramData\Oracle\Java\javapath;C:\Program Files (x86)\Intel\iCLS Client\;C:\Program Files\Intel\iCLS Client\;C:\Program Files (x86)\AMD APP\bin\x86_64;C:\Program Files (x86)\AMD APP\bin\x86;C:\WINDOWS\system32;C:\WINDOWS;C:\WINDOWS\System32\Wbem;C:\WINDOWS\System32\WindowsPowerShell\v1.0\;C:\Program Files (x86)\Windows Live\Shared;C:\Program Files (x86)\ATI Technologies\ATI.ACE\Core-Static;C:\Program Files\Intel\Intel(R) Management Engine Components\DAL;C:\Program Files\Intel\Intel(R) Management Engine Components\IPT;C:\Program Files (x86)\Intel\Intel(R) Management Engine Components\DAL;C:\Program Files (x86)\Intel\Intel(R) Management Engine Components\IPT;C:\Program Files (x86)\AMD\ATI.ACE\Core-Static;C:\xampp\php;C:\ProgramData\ComposerSetup\bin;C:\Program Files\nodejs\;C:\Users\lauro\AppData\Roaming\Composer\vendor\bin;C:\Users\lauro\AppData\Roaming\npm
USERNAME=lauro
OS=Windows_NT
PROCESSOR_IDENTIFIER=Intel64 Family 6 Model 58 Stepping 9, GenuineIntel



---------------  S Y S T E M  ---------------

OS: Windows 8.1 , 64 bit Build 9600 

CPU:total 4 (2 cores per cpu, 2 threads per core) family 6 model 58 stepping 9, cmov, cx8, fxsr, mmx, sse, sse2, sse3, ssse3, sse4.1, sse4.2, popcnt, avx, clmul, erms, ht, tsc, tscinvbit, tscinv

Memory: 4k page, physical 6181144k(1234088k free), swap 9078260k(2760k free)

vm_info: Java HotSpot(TM) 64-Bit Server VM (25.25-b02) for windows-amd64 JRE (1.8.0_25-b18), built on Oct  7 2014 14:25:37 by "java_re" with MS VC++ 10.0 (VS2010)

time: Sat Dec 10 16:57:47 2016
elapsed time: 2 seconds (0d 0h 0m 2s)

