#
# There is insufficient memory for the Java Runtime Environment to continue.
# Native memory allocation (malloc) failed to allocate 542576 bytes for Chunk::new
# Possible reasons:
#   The system is out of physical RAM or swap space
#   In 32 bit mode, the process size limit was hit
# Possible solutions:
#   Reduce memory load on the system
#   Increase physical memory or swap space
#   Check if swap backing store is full
#   Use 64 bit Java on a 64 bit OS
#   Decrease Java heap size (-Xmx/-Xms)
#   Decrease number of Java threads
#   Decrease Java thread stack sizes (-Xss)
#   Set larger code cache with -XX:ReservedCodeCacheSize=
# This output file may be truncated or incomplete.
#
#  Out of Memory Error (allocation.cpp:390), pid=9340, tid=668
#
# JRE version: Java(TM) SE Runtime Environment (8.0_25-b18) (build 1.8.0_25-b18)
# Java VM: Java HotSpot(TM) 64-Bit Server VM (25.25-b02 mixed mode windows-amd64 compressed oops)
# Failed to write core dump. Minidumps are not enabled by default on client versions of Windows
#

---------------  T H R E A D  ---------------

Current thread (0x0000000014d9f000):  JavaThread "C2 CompilerThread1" daemon [_thread_in_native, id=668, stack(0x00000000163f0000,0x00000000164f0000)]

Stack: [0x00000000163f0000,0x00000000164f0000]
Native frames: (J=compiled Java code, j=interpreted, Vv=VM code, C=native code)
V  [jvm.dll+0x31667a]


Current CompileTask:
C2:   3781 1233       4       com.android.dx.ssa.LiteralOpUpgrader$1::visitNonMoveInsn (203 bytes)


---------------  P R O C E S S  ---------------

Java Threads: ( => current thread )
  0x0000000016a78800 JavaThread "pool-1-thread-4" [_thread_blocked, id=4328, stack(0x0000000016ff0000,0x00000000170f0000)]
  0x0000000016a2f000 JavaThread "pool-1-thread-3" [_thread_blocked, id=9756, stack(0x0000000016ef0000,0x0000000016ff0000)]
  0x0000000016a2e000 JavaThread "pool-1-thread-2" [_thread_blocked, id=508, stack(0x0000000016df0000,0x0000000016ef0000)]
  0x0000000016a67000 JavaThread "pool-2-thread-1" [_thread_blocked, id=10668, stack(0x0000000016cf0000,0x0000000016df0000)]
  0x0000000016a66800 JavaThread "pool-1-thread-1" [_thread_blocked, id=8420, stack(0x0000000016bf0000,0x0000000016cf0000)]
  0x0000000014dfb800 JavaThread "Service Thread" daemon [_thread_blocked, id=10636, stack(0x00000000165f0000,0x00000000166f0000)]
  0x0000000014df3800 JavaThread "C1 CompilerThread2" daemon [_thread_in_native, id=10696, stack(0x00000000164f0000,0x00000000165f0000)]
=>0x0000000014d9f000 JavaThread "C2 CompilerThread1" daemon [_thread_in_native, id=668, stack(0x00000000163f0000,0x00000000164f0000)]
  0x0000000014d9c000 JavaThread "C2 CompilerThread0" daemon [_thread_in_native, id=10684, stack(0x00000000162f0000,0x00000000163f0000)]
  0x0000000014d9a800 JavaThread "Attach Listener" daemon [_thread_blocked, id=10864, stack(0x00000000161f0000,0x00000000162f0000)]
  0x0000000014d9a000 JavaThread "Signal Dispatcher" daemon [_thread_blocked, id=9988, stack(0x00000000160f0000,0x00000000161f0000)]
  0x00000000026c3800 JavaThread "Finalizer" daemon [_thread_blocked, id=10504, stack(0x0000000015ff0000,0x00000000160f0000)]
  0x00000000026ba800 JavaThread "Reference Handler" daemon [_thread_blocked, id=2940, stack(0x0000000015ef0000,0x0000000015ff0000)]
  0x00000000025d0800 JavaThread "main" [_thread_in_vm, id=10320, stack(0x0000000002430000,0x0000000002530000)]

Other Threads:
  0x0000000014d65800 VMThread [stack: 0x0000000015df0000,0x0000000015ef0000] [id=9836]
  0x0000000014dfe800 WatcherThread [stack: 0x00000000166f0000,0x00000000167f0000] [id=8524]

VM state:not at safepoint (normal execution)

VM Mutex/Monitor currently owned by a thread: None

Heap:
 PSYoungGen      total 28672K, used 14458K [0x00000000eab00000, 0x00000000ee300000, 0x0000000100000000)
  eden space 24576K, 42% used [0x00000000eab00000,0x00000000eb51ff68,0x00000000ec300000)
  from space 4096K, 99% used [0x00000000ec300000,0x00000000ec6fea98,0x00000000ec700000)
  to   space 4096K, 0% used [0x00000000edf00000,0x00000000edf00000,0x00000000ee300000)
 ParOldGen       total 65536K, used 1611K [0x00000000c0000000, 0x00000000c4000000, 0x00000000eab00000)
  object space 65536K, 2% used [0x00000000c0000000,0x00000000c0192da0,0x00000000c4000000)
 Metaspace       used 5858K, capacity 6896K, committed 7040K, reserved 1056768K
  class space    used 584K, capacity 616K, committed 640K, reserved 1048576K

Card table byte_map: [0x0000000011a90000,0x0000000011ca0000] byte_map_base: 0x0000000011490000

Marking Bits: (ParMarkBitMap*) 0x00000000665bd490
 Begin Bits: [0x0000000012200000, 0x0000000013200000)
 End Bits:   [0x0000000013200000, 0x0000000014200000)

Polling page: 0x0000000000aa0000

CodeCache: size=245760Kb used=4828Kb max_used=4828Kb free=240931Kb
 bounds [0x00000000026d0000, 0x0000000002b90000, 0x00000000116d0000]
 total_blobs=1514 nmethods=1250 adapters=178
 compilation: enabled

Compilation events (10 events):
Event: 3.153 Thread 0x0000000014d9f000 nmethod 1226 0x0000000002b68950 code [0x0000000002b68b20, 0x0000000002b69590]
Event: 3.153 Thread 0x0000000014d9f000 1227       4       com.android.dx.ssa.SCCP::simulateBranch (666 bytes)
Event: 3.247 Thread 0x0000000014d9c000 nmethod 1173 0x0000000002b6e6d0 code [0x0000000002b6ea40, 0x0000000002b712d0]
Event: 3.247 Thread 0x0000000014d9c000 1230       4       com.android.dx.ssa.SsaMethod$2::visitNonMoveInsn (6 bytes)
Event: 3.247 Thread 0x0000000014d9c000 nmethod 1230 0x0000000002b65a50 code [0x0000000002b65ba0, 0x0000000002b65c28]
Event: 3.255 Thread 0x0000000014d9f000 nmethod 1227 0x0000000002b74910 code [0x0000000002b74c20, 0x0000000002b76720]
Event: 3.279 Thread 0x0000000014d9c000 1231       4       com.android.dx.ssa.SCCP::simulateStmt (481 bytes)
Event: 3.280 Thread 0x0000000014df3800 1232       3       com.android.dx.ssa.SCCP::replaceConstants (209 bytes)
Event: 3.281 Thread 0x0000000014df3800 nmethod 1232 0x0000000002b6b990 code [0x0000000002b6bca0, 0x0000000002b6d7f8]
Event: 3.283 Thread 0x0000000014d9f000 1233       4       com.android.dx.ssa.LiteralOpUpgrader$1::visitNonMoveInsn (203 bytes)

GC Heap History (2 events):
Event: 2.767 GC heap before
{Heap before GC invocations=1 (full 0):
 PSYoungGen      total 28672K, used 24576K [0x00000000eab00000, 0x00000000ecb00000, 0x0000000100000000)
  eden space 24576K, 100% used [0x00000000eab00000,0x00000000ec300000,0x00000000ec300000)
  from space 4096K, 0% used [0x00000000ec700000,0x00000000ec700000,0x00000000ecb00000)
  to   space 4096K, 0% used [0x00000000ec300000,0x00000000ec300000,0x00000000ec700000)
 ParOldGen       total 65536K, used 0K [0x00000000c0000000, 0x00000000c4000000, 0x00000000eab00000)
  object space 65536K, 0% used [0x00000000c0000000,0x00000000c0000000,0x00000000c4000000)
 Metaspace       used 5763K, capacity 6832K, committed 7040K, reserved 1056768K
  class space    used 583K, capacity 616K, committed 640K, reserved 1048576K
Event: 2.987 GC heap after
Heap after GC invocations=1 (full 0):
 PSYoungGen      total 28672K, used 4090K [0x00000000eab00000, 0x00000000ee300000, 0x0000000100000000)
  eden space 24576K, 0% used [0x00000000eab00000,0x00000000eab00000,0x00000000ec300000)
  from space 4096K, 99% used [0x00000000ec300000,0x00000000ec6fea98,0x00000000ec700000)
  to   space 4096K, 0% used [0x00000000edf00000,0x00000000edf00000,0x00000000ee300000)
 ParOldGen       total 65536K, used 1611K [0x00000000c0000000, 0x00000000c4000000, 0x00000000eab00000)
  object space 65536K, 2% used [0x00000000c0000000,0x00000000c0192da0,0x00000000c4000000)
 Metaspace       used 5763K, capacity 6832K, committed 7040K, reserved 1056768K
  class space    used 583K, capacity 616K, committed 640K, reserved 1048576K
}

Deoptimization events (4 events):
Event: 1.718 Thread 0x0000000016a78800 Uncommon trap: reason=class_check action=maybe_recompile pc=0x000000000296d5ec method=com.android.dx.ssa.NormalSsaInsn.accept(Lcom/android/dx/ssa/SsaInsn$Visitor;)V @ 9
Event: 1.718 Thread 0x0000000016a78800 Uncommon trap: reason=class_check action=maybe_recompile pc=0x0000000002957770 method=com.android.dx.ssa.NormalSsaInsn.accept(Lcom/android/dx/ssa/SsaInsn$Visitor;)V @ 9
Event: 1.718 Thread 0x0000000016a78800 Uncommon trap: reason=class_check action=maybe_recompile pc=0x0000000002957770 method=com.android.dx.ssa.NormalSsaInsn.accept(Lcom/android/dx/ssa/SsaInsn$Visitor;)V @ 9
Event: 1.718 Thread 0x0000000016a78800 Uncommon trap: reason=class_check action=maybe_recompile pc=0x0000000002957770 method=com.android.dx.ssa.NormalSsaInsn.accept(Lcom/android/dx/ssa/SsaInsn$Visitor;)V @ 9

Internal exceptions (10 events):
Event: 1.259 Thread 0x0000000016a2f000 Exception <a 'java/security/PrivilegedActionException'> (0x00000000eb3daad0) thrown at [D:\re\workspace\8-2-build-windows-amd64-cygwin\jdk8u25\1677\hotspot\src\share\vm\prims\jvm.cpp, line 1312]
Event: 1.260 Thread 0x0000000016a2f000 Exception <a 'java/security/PrivilegedActionException'> (0x00000000eb3de790) thrown at [D:\re\workspace\8-2-build-windows-amd64-cygwin\jdk8u25\1677\hotspot\src\share\vm\prims\jvm.cpp, line 1312]
Event: 1.265 Thread 0x0000000016a78800 Exception <a 'java/security/PrivilegedActionException'> (0x00000000eb38c2a0) thrown at [D:\re\workspace\8-2-build-windows-amd64-cygwin\jdk8u25\1677\hotspot\src\share\vm\prims\jvm.cpp, line 1312]
Event: 1.266 Thread 0x0000000016a2e000 Exception <a 'java/security/PrivilegedActionException'> (0x00000000eb4c1560) thrown at [D:\re\workspace\8-2-build-windows-amd64-cygwin\jdk8u25\1677\hotspot\src\share\vm\prims\jvm.cpp, line 1312]
Event: 1.267 Thread 0x00000000025d0800 Exception <a 'java/security/PrivilegedActionException'> (0x00000000eb615e70) thrown at [D:\re\workspace\8-2-build-windows-amd64-cygwin\jdk8u25\1677\hotspot\src\share\vm\prims\jvm.cpp, line 1312]
Event: 1.268 Thread 0x00000000025d0800 Exception <a 'java/security/PrivilegedActionException'> (0x00000000eb61ba90) thrown at [D:\re\workspace\8-2-build-windows-amd64-cygwin\jdk8u25\1677\hotspot\src\share\vm\prims\jvm.cpp, line 1312]
Event: 1.276 Thread 0x00000000025d0800 Exception <a 'java/security/PrivilegedActionException'> (0x00000000eb6412d0) thrown at [D:\re\workspace\8-2-build-windows-amd64-cygwin\jdk8u25\1677\hotspot\src\share\vm\prims\jvm.cpp, line 1312]
Event: 1.276 Thread 0x00000000025d0800 Exception <a 'java/security/PrivilegedActionException'> (0x00000000eb643848) thrown at [D:\re\workspace\8-2-build-windows-amd64-cygwin\jdk8u25\1677\hotspot\src\share\vm\prims\jvm.cpp, line 1312]
Event: 1.280 Thread 0x0000000016a2f000 Exception <a 'java/security/PrivilegedActionException'> (0x00000000eb403ed0) thrown at [D:\re\workspace\8-2-build-windows-amd64-cygwin\jdk8u25\1677\hotspot\src\share\vm\prims\jvm.cpp, line 1312]
Event: 1.285 Thread 0x00000000025d0800 Exception <a 'java/security/PrivilegedActionException'> (0x00000000eb6594f8) thrown at [D:\re\workspace\8-2-build-windows-amd64-cygwin\jdk8u25\1677\hotspot\src\share\vm\prims\jvm.cpp, line 1312]

Events (10 events):
Event: 1.718 Thread 0x0000000016a78800 Uncommon trap: trap_request=0xffffffde fr.pc=0x0000000002957770
Event: 1.718 Thread 0x0000000016a78800 DEOPT PACKING pc=0x0000000002957770 sp=0x00000000170ee690
Event: 1.718 Thread 0x0000000016a78800 DEOPT UNPACKING pc=0x000000000271556a sp=0x00000000170ee630 mode 2
Event: 1.718 Thread 0x0000000016a78800 Uncommon trap: trap_request=0xffffffde fr.pc=0x0000000002957770
Event: 1.718 Thread 0x0000000016a78800 DEOPT PACKING pc=0x0000000002957770 sp=0x00000000170ee690
Event: 1.718 Thread 0x0000000016a78800 DEOPT UNPACKING pc=0x000000000271556a sp=0x00000000170ee630 mode 2
Event: 2.767 Executing VM operation: ParallelGCFailedAllocation
Event: 2.987 Executing VM operation: ParallelGCFailedAllocation done
Event: 3.010 loading class sun/misc/Cleaner
Event: 3.010 loading class sun/misc/Cleaner done


Dynamic libraries:
0x00007ff61ae80000 - 0x00007ff61aeb4000 	C:\Program Files\Java\jdk1.8.0_25\bin\java.exe
0x00007ffee7d00000 - 0x00007ffee7ec1000 	C:\WINDOWS\SYSTEM32\ntdll.dll
0x00007ffee77d0000 - 0x00007ffee787d000 	C:\WINDOWS\system32\KERNEL32.DLL
0x00007ffee4dd0000 - 0x00007ffee4fb8000 	C:\WINDOWS\system32\KERNELBASE.dll
0x00007ffee6840000 - 0x00007ffee68e7000 	C:\WINDOWS\system32\ADVAPI32.dll
0x00007ffee6d50000 - 0x00007ffee6ded000 	C:\WINDOWS\system32\msvcrt.dll
0x00007ffee6a90000 - 0x00007ffee6aeb000 	C:\WINDOWS\system32\sechost.dll
0x00007ffee68f0000 - 0x00007ffee6a0c000 	C:\WINDOWS\system32\RPCRT4.dll
0x00007ffee72f0000 - 0x00007ffee7446000 	C:\WINDOWS\system32\USER32.dll
0x00007ffee6b00000 - 0x00007ffee6c86000 	C:\WINDOWS\system32\GDI32.dll
0x00007ffed8b70000 - 0x00007ffed8de4000 	C:\WINDOWS\WinSxS\amd64_microsoft.windows.common-controls_6595b64144ccf1df_6.0.10586.672_none_a2d6b3cea53ff843\COMCTL32.dll
0x00007ffee7a80000 - 0x00007ffee7cfd000 	C:\WINDOWS\system32\combase.dll
0x00007ffee4fe0000 - 0x00007ffee504a000 	C:\WINDOWS\system32\bcryptPrimitives.dll
0x00007ffee7a40000 - 0x00007ffee7a7b000 	C:\WINDOWS\system32\IMM32.DLL
0x00000000657d0000 - 0x00000000658a2000 	C:\Program Files\Java\jdk1.8.0_25\jre\bin\msvcr100.dll
0x0000000065de0000 - 0x000000006663a000 	C:\Program Files\Java\jdk1.8.0_25\jre\bin\server\jvm.dll
0x00007ffee6a80000 - 0x00007ffee6a88000 	C:\WINDOWS\system32\PSAPI.DLL
0x00007ffeddfc0000 - 0x00007ffeddfc9000 	C:\WINDOWS\SYSTEM32\WSOCK32.dll
0x00007ffee67d0000 - 0x00007ffee683b000 	C:\WINDOWS\system32\WS2_32.dll
0x00007ffee2790000 - 0x00007ffee27b3000 	C:\WINDOWS\SYSTEM32\WINMM.dll
0x00007ffee2760000 - 0x00007ffee278c000 	C:\WINDOWS\SYSTEM32\WINMMBASE.dll
0x00007ffee50b0000 - 0x00007ffee50f3000 	C:\WINDOWS\system32\cfgmgr32.dll
0x0000000065cf0000 - 0x0000000065cff000 	C:\Program Files\Java\jdk1.8.0_25\jre\bin\verify.dll
0x0000000065cc0000 - 0x0000000065ce8000 	C:\Program Files\Java\jdk1.8.0_25\jre\bin\java.dll
0x0000000065ca0000 - 0x0000000065cb6000 	C:\Program Files\Java\jdk1.8.0_25\jre\bin\zip.dll
0x00007ffee5110000 - 0x00007ffee666c000 	C:\WINDOWS\system32\SHELL32.dll
0x00007ffee4780000 - 0x00007ffee4dc5000 	C:\WINDOWS\system32\windows.storage.dll
0x00007ffee6c90000 - 0x00007ffee6ce2000 	C:\WINDOWS\system32\shlwapi.dll
0x00007ffee4380000 - 0x00007ffee438f000 	C:\WINDOWS\system32\kernel.appcore.dll
0x00007ffee44f0000 - 0x00007ffee45a5000 	C:\WINDOWS\system32\shcore.dll
0x00007ffee4330000 - 0x00007ffee437b000 	C:\WINDOWS\system32\powrprof.dll
0x00007ffee4390000 - 0x00007ffee43a4000 	C:\WINDOWS\system32\profapi.dll
0x00007ffec73c0000 - 0x00007ffec754c000 	C:\WINDOWS\SYSTEM32\dbghelp.dll

VM Arguments:
jvm_args: -Djava.awt.headless=true -Xmx1024M -Dfile.encoding=windows-1252 -Duser.country=PH -Duser.language=en -Duser.variant 
java_command: com.android.dx.command.Main --dex --num-threads=4 --output C:\Users\lauro\Documents\MyApplication\app\build\intermediates\pre-dexed\debug\com.android.support-support-v4-23.1.0_17177ab397b8c9d77583e11291a94663f8bc491c.jar C:\Users\lauro\Documents\MyApplication\app\build\intermediates\exploded-aar\com.android.support\support-v4\23.1.0\jars\classes.jar
java_class_path (initial): C:\Users\lauro\AppData\Local\Android\sdk1\build-tools\23.0.1\lib\dx.jar
Launcher Type: SUN_STANDARD

Environment Variables:
JAVA_HOME=C:\Program Files\Java\jdk1.8.0_25
PATH=C:\ProgramData\Oracle\Java\javapath;C:\Program Files (x86)\Intel\iCLS Client\;C:\Program Files\Intel\iCLS Client\;C:\Program Files (x86)\AMD APP\bin\x86_64;C:\Program Files (x86)\AMD APP\bin\x86;C:\WINDOWS\system32;C:\WINDOWS;C:\WINDOWS\System32\Wbem;C:\WINDOWS\System32\WindowsPowerShell\v1.0\;C:\Program Files (x86)\Windows Live\Shared;C:\Program Files (x86)\ATI Technologies\ATI.ACE\Core-Static;C:\Program Files\Intel\Intel(R) Management Engine Components\DAL;C:\Program Files\Intel\Intel(R) Management Engine Components\IPT;C:\Program Files (x86)\Intel\Intel(R) Management Engine Components\DAL;C:\Program Files (x86)\Intel\Intel(R) Management Engine Components\IPT;C:\Program Files (x86)\AMD\ATI.ACE\Core-Static;C:\xampp\php;C:\ProgramData\ComposerSetup\bin;C:\Program Files\nodejs\;C:\Users\lauro\AppData\Roaming\Composer\vendor\bin;C:\Users\lauro\AppData\Roaming\npm
USERNAME=lauro
OS=Windows_NT
PROCESSOR_IDENTIFIER=Intel64 Family 6 Model 58 Stepping 9, GenuineIntel



---------------  S Y S T E M  ---------------

OS: Windows 8.1 , 64 bit Build 9600 

CPU:total 4 (2 cores per cpu, 2 threads per core) family 6 model 58 stepping 9, cmov, cx8, fxsr, mmx, sse, sse2, sse3, ssse3, sse4.1, sse4.2, popcnt, avx, clmul, erms, ht, tsc, tscinvbit, tscinv

Memory: 4k page, physical 6181144k(1324532k free), swap 8736180k(0k free)

vm_info: Java HotSpot(TM) 64-Bit Server VM (25.25-b02) for windows-amd64 JRE (1.8.0_25-b18), built on Oct  7 2014 14:25:37 by "java_re" with MS VC++ 10.0 (VS2010)

time: Sat Dec 10 16:56:35 2016
elapsed time: 3 seconds (0d 0h 0m 3s)

