#
# There is insufficient memory for the Java Runtime Environment to continue.
# Native memory allocation (malloc) failed to allocate 764176 bytes for Chunk::new
# Possible reasons:
#   The system is out of physical RAM or swap space
#   In 32 bit mode, the process size limit was hit
# Possible solutions:
#   Reduce memory load on the system
#   Increase physical memory or swap space
#   Check if swap backing store is full
#   Use 64 bit Java on a 64 bit OS
#   Decrease Java heap size (-Xmx/-Xms)
#   Decrease number of Java threads
#   Decrease Java thread stack sizes (-Xss)
#   Set larger code cache with -XX:ReservedCodeCacheSize=
# This output file may be truncated or incomplete.
#
#  Out of Memory Error (allocation.cpp:390), pid=1776, tid=11052
#
# JRE version: Java(TM) SE Runtime Environment (8.0_25-b18) (build 1.8.0_25-b18)
# Java VM: Java HotSpot(TM) 64-Bit Server VM (25.25-b02 mixed mode windows-amd64 compressed oops)
# Failed to write core dump. Minidumps are not enabled by default on client versions of Windows
#

---------------  T H R E A D  ---------------

Current thread (0x0000000014a36000):  JavaThread "C2 CompilerThread1" daemon [_thread_in_native, id=11052, stack(0x0000000016080000,0x0000000016180000)]

Stack: [0x0000000016080000,0x0000000016180000]
Native frames: (J=compiled Java code, j=interpreted, Vv=VM code, C=native code)
V  [jvm.dll+0x31667a]


Current CompileTask:
C2:   3799 1238       4       com.android.dx.ssa.SCCP::simulateStmt (481 bytes)


---------------  P R O C E S S  ---------------

Java Threads: ( => current thread )
  0x00000000164dc800 JavaThread "pool-1-thread-4" [_thread_blocked, id=3560, stack(0x0000000016c80000,0x0000000016d80000)]
  0x00000000164d9800 JavaThread "pool-1-thread-3" [_thread_blocked, id=11100, stack(0x0000000016b80000,0x0000000016c80000)]
  0x00000000164cf800 JavaThread "pool-1-thread-2" [_thread_blocked, id=5024, stack(0x0000000016a80000,0x0000000016b80000)]
  0x00000000164c9000 JavaThread "pool-2-thread-1" [_thread_blocked, id=3568, stack(0x0000000016980000,0x0000000016a80000)]
  0x00000000164c4000 JavaThread "pool-1-thread-1" [_thread_blocked, id=4712, stack(0x0000000016880000,0x0000000016980000)]
  0x0000000016284800 JavaThread "Service Thread" daemon [_thread_blocked, id=8624, stack(0x0000000016680000,0x0000000016780000)]
  0x0000000014a73800 JavaThread "C1 CompilerThread2" daemon [_thread_in_vm, id=10532, stack(0x0000000016180000,0x0000000016280000)]
=>0x0000000014a36000 JavaThread "C2 CompilerThread1" daemon [_thread_in_native, id=11052, stack(0x0000000016080000,0x0000000016180000)]
  0x0000000014a1c000 JavaThread "C2 CompilerThread0" daemon [_thread_in_native, id=496, stack(0x0000000015f80000,0x0000000016080000)]
  0x0000000014a1a800 JavaThread "Attach Listener" daemon [_thread_blocked, id=11072, stack(0x0000000015e80000,0x0000000015f80000)]
  0x0000000014a19800 JavaThread "Signal Dispatcher" daemon [_thread_blocked, id=800, stack(0x0000000015d80000,0x0000000015e80000)]
  0x000000000231e000 JavaThread "Finalizer" daemon [_thread_blocked, id=5168, stack(0x0000000015c70000,0x0000000015d70000)]
  0x000000000231a800 JavaThread "Reference Handler" daemon [_thread_blocked, id=4400, stack(0x0000000015b70000,0x0000000015c70000)]
  0x0000000002230800 JavaThread "main" [_thread_in_vm, id=3368, stack(0x0000000002130000,0x0000000002230000)]

Other Threads:
  0x00000000149e5800 VMThread [stack: 0x0000000015a70000,0x0000000015b70000] [id=11232]
  0x0000000016287000 WatcherThread [stack: 0x0000000016780000,0x0000000016880000] [id=10040]

VM state:synchronizing (normal execution)

VM Mutex/Monitor currently owned by a thread:  ([mutex/lock_event])
[0x00000000020ecad0] Threads_lock - owner thread: 0x00000000149e5800
[0x00000000020ebf50] Heap_lock - owner thread: 0x00000000164dc800

Heap:
 PSYoungGen      total 28672K, used 28657K [0x00000000eab00000, 0x00000000ecb00000, 0x0000000100000000)
  eden space 24576K, 100% used [0x00000000eab00000,0x00000000ec300000,0x00000000ec300000)
  from space 4096K, 99% used [0x00000000ec300000,0x00000000ec6fc620,0x00000000ec700000)
  to   space 4096K, 0% used [0x00000000ec700000,0x00000000ec700000,0x00000000ecb00000)
 ParOldGen       total 65536K, used 1722K [0x00000000c0000000, 0x00000000c4000000, 0x00000000eab00000)
  object space 65536K, 2% used [0x00000000c0000000,0x00000000c01ae8c8,0x00000000c4000000)
 Metaspace       used 5880K, capacity 6960K, committed 7040K, reserved 1056768K
  class space    used 583K, capacity 616K, committed 640K, reserved 1048576K

Card table byte_map: [0x00000000116f0000,0x0000000011900000] byte_map_base: 0x00000000110f0000

Marking Bits: (ParMarkBitMap*) 0x00000000665bd490
 Begin Bits: [0x0000000011e60000, 0x0000000012e60000)
 End Bits:   [0x0000000012e60000, 0x0000000013e60000)

Polling page: 0x00000000020f0000

CodeCache: size=245760Kb used=4982Kb max_used=4982Kb free=240777Kb
 bounds [0x0000000002330000, 0x0000000002820000, 0x0000000011330000]
 total_blobs=1516 nmethods=1252 adapters=178
 compilation: enabled

Compilation events (10 events):
Event: 3.291 Thread 0x0000000014a73800 1257       3       com.android.dx.dex.code.RopTranslator$LocalVariableAwareTranslationVisitor::visitPlainCstInsn (11 bytes)
Event: 3.292 Thread 0x0000000014a73800 nmethod 1257 0x000000000280b810 code [0x000000000280ba20, 0x000000000280c558]
Event: 3.292 Thread 0x0000000014a73800 1258       3       com.android.dx.dex.code.RopTranslator$TranslationVisitor::visitPlainCstInsn (161 bytes)
Event: 3.295 Thread 0x0000000014a73800 nmethod 1258 0x000000000280cb90 code [0x000000000280cf20, 0x000000000280f358]
Event: 3.295 Thread 0x0000000014a73800 1251       3       com.android.dx.ssa.SsaMethod::onInsnsChanged (16 bytes)
Event: 3.295 Thread 0x0000000014a73800 nmethod 1251 0x00000000027eb150 code [0x00000000027eb2a0, 0x00000000027eb430]
Event: 3.295 Thread 0x0000000014a73800 1253       3       com.android.dx.ssa.DeadCodeRemover$NoSideEffectVisitor::visitPhiInsn (22 bytes)
Event: 3.296 Thread 0x0000000014a73800 nmethod 1253 0x0000000002810d90 code [0x0000000002810f40, 0x0000000002811688]
Event: 3.296 Thread 0x0000000014a73800 1245       3       java.util.HashMap$HashIterator::hasNext (13 bytes)
Event: 3.296 Thread 0x0000000014a73800 nmethod 1245 0x00000000027eadd0 code [0x00000000027eaf20, 0x00000000027eb0d0]

GC Heap History (2 events):
Event: 2.708 GC heap before
{Heap before GC invocations=1 (full 0):
 PSYoungGen      total 28672K, used 24576K [0x00000000eab00000, 0x00000000ecb00000, 0x0000000100000000)
  eden space 24576K, 100% used [0x00000000eab00000,0x00000000ec300000,0x00000000ec300000)
  from space 4096K, 0% used [0x00000000ec700000,0x00000000ec700000,0x00000000ecb00000)
  to   space 4096K, 0% used [0x00000000ec300000,0x00000000ec300000,0x00000000ec700000)
 ParOldGen       total 65536K, used 0K [0x00000000c0000000, 0x00000000c4000000, 0x00000000eab00000)
  object space 65536K, 0% used [0x00000000c0000000,0x00000000c0000000,0x00000000c4000000)
 Metaspace       used 5774K, capacity 6832K, committed 7040K, reserved 1056768K
  class space    used 583K, capacity 616K, committed 640K, reserved 1048576K
Event: 3.005 GC heap after
Heap after GC invocations=1 (full 0):
 PSYoungGen      total 28672K, used 4081K [0x00000000eab00000, 0x00000000ecb00000, 0x0000000100000000)
  eden space 24576K, 0% used [0x00000000eab00000,0x00000000eab00000,0x00000000ec300000)
  from space 4096K, 99% used [0x00000000ec300000,0x00000000ec6fc620,0x00000000ec700000)
  to   space 4096K, 0% used [0x00000000ec700000,0x00000000ec700000,0x00000000ecb00000)
 ParOldGen       total 65536K, used 1722K [0x00000000c0000000, 0x00000000c4000000, 0x00000000eab00000)
  object space 65536K, 2% used [0x00000000c0000000,0x00000000c01ae8c8,0x00000000c4000000)
 Metaspace       used 5774K, capacity 6832K, committed 7040K, reserved 1056768K
  class space    used 583K, capacity 616K, committed 640K, reserved 1048576K
}

Deoptimization events (2 events):
Event: 1.545 Thread 0x00000000164dc800 Uncommon trap: reason=null_check action=make_not_entrant pc=0x0000000002617e8c method=com.android.dx.ssa.SsaRenamer.getLocalForNewReg(I)Lcom/android/dx/rop/code/LocalItem; @ 19
Event: 2.707 Thread 0x00000000164cf800 Uncommon trap: reason=null_check action=make_not_entrant pc=0x00000000027452a0 method=com.android.dx.rop.type.Type.equals(Ljava/lang/Object;)Z @ 8

Internal exceptions (10 events):
Event: 1.027 Thread 0x00000000164c4000 Exception <a 'java/security/PrivilegedActionException'> (0x00000000eb5f1720) thrown at [D:\re\workspace\8-2-build-windows-amd64-cygwin\jdk8u25\1677\hotspot\src\share\vm\prims\jvm.cpp, line 1312]
Event: 1.028 Thread 0x00000000164dc800 Exception <a 'java/security/PrivilegedActionException'> (0x00000000eb2f2448) thrown at [D:\re\workspace\8-2-build-windows-amd64-cygwin\jdk8u25\1677\hotspot\src\share\vm\prims\jvm.cpp, line 1312]
Event: 1.033 Thread 0x00000000164dc800 Exception <a 'java/security/PrivilegedActionException'> (0x00000000eb2fe3a8) thrown at [D:\re\workspace\8-2-build-windows-amd64-cygwin\jdk8u25\1677\hotspot\src\share\vm\prims\jvm.cpp, line 1312]
Event: 1.216 Thread 0x00000000164d9800 Exception <a 'java/security/PrivilegedActionException'> (0x00000000eb6ee7b0) thrown at [D:\re\workspace\8-2-build-windows-amd64-cygwin\jdk8u25\1677\hotspot\src\share\vm\prims\jvm.cpp, line 1312]
Event: 1.542 Thread 0x00000000164dc800 Implicit null exception at 0x0000000002616096 to 0x0000000002617e65
Event: 1.586 Thread 0x00000000164d9800 Exception <a 'java/security/PrivilegedActionException'> (0x00000000eb9d1b28) thrown at [D:\re\workspace\8-2-build-windows-amd64-cygwin\jdk8u25\1677\hotspot\src\share\vm\prims\jvm.cpp, line 1312]
Event: 1.595 Thread 0x00000000164cf800 Exception <a 'java/security/PrivilegedActionException'> (0x00000000ebaa53b0) thrown at [D:\re\workspace\8-2-build-windows-amd64-cygwin\jdk8u25\1677\hotspot\src\share\vm\prims\jvm.cpp, line 1312]
Event: 2.121 Thread 0x0000000002230800 Exception <a 'java/security/PrivilegedActionException'> (0x00000000ec065cf0) thrown at [D:\re\workspace\8-2-build-windows-amd64-cygwin\jdk8u25\1677\hotspot\src\share\vm\prims\jvm.cpp, line 1312]
Event: 2.139 Thread 0x0000000002230800 Exception <a 'java/security/PrivilegedActionException'> (0x00000000ec2025b0) thrown at [D:\re\workspace\8-2-build-windows-amd64-cygwin\jdk8u25\1677\hotspot\src\share\vm\prims\jvm.cpp, line 1312]
Event: 2.707 Thread 0x00000000164cf800 Implicit null exception at 0x00000000027451a2 to 0x0000000002745292

Events (10 events):
Event: 2.120 loading class com/android/dx/cf/attrib/AttConstantValue done
Event: 2.139 loading class com/android/dx/cf/attrib/AttExceptions
Event: 2.139 loading class com/android/dx/cf/attrib/AttExceptions done
Event: 2.707 Thread 0x00000000164cf800 Uncommon trap: trap_request=0xfffffff4 fr.pc=0x00000000027452a0
Event: 2.707 Thread 0x00000000164cf800 DEOPT PACKING pc=0x00000000027452a0 sp=0x0000000016b7e830
Event: 2.707 Thread 0x00000000164cf800 DEOPT UNPACKING pc=0x000000000237556a sp=0x0000000016b7e7c8 mode 2
Event: 2.708 Executing VM operation: ParallelGCFailedAllocation
Event: 3.006 Executing VM operation: ParallelGCFailedAllocation done
Event: 3.024 loading class sun/misc/Cleaner
Event: 3.025 loading class sun/misc/Cleaner done


Dynamic libraries:
0x00007ff61ae80000 - 0x00007ff61aeb4000 	C:\Program Files\Java\jdk1.8.0_25\bin\java.exe
0x00007ffee7d00000 - 0x00007ffee7ec1000 	C:\WINDOWS\SYSTEM32\ntdll.dll
0x00007ffee77d0000 - 0x00007ffee787d000 	C:\WINDOWS\system32\KERNEL32.DLL
0x00007ffee4dd0000 - 0x00007ffee4fb8000 	C:\WINDOWS\system32\KERNELBASE.dll
0x00007ffee6840000 - 0x00007ffee68e7000 	C:\WINDOWS\system32\ADVAPI32.dll
0x00007ffee6d50000 - 0x00007ffee6ded000 	C:\WINDOWS\system32\msvcrt.dll
0x00007ffee6a90000 - 0x00007ffee6aeb000 	C:\WINDOWS\system32\sechost.dll
0x00007ffee68f0000 - 0x00007ffee6a0c000 	C:\WINDOWS\system32\RPCRT4.dll
0x00007ffee72f0000 - 0x00007ffee7446000 	C:\WINDOWS\system32\USER32.dll
0x00007ffee6b00000 - 0x00007ffee6c86000 	C:\WINDOWS\system32\GDI32.dll
0x00007ffed8b70000 - 0x00007ffed8de4000 	C:\WINDOWS\WinSxS\amd64_microsoft.windows.common-controls_6595b64144ccf1df_6.0.10586.672_none_a2d6b3cea53ff843\COMCTL32.dll
0x00007ffee7a80000 - 0x00007ffee7cfd000 	C:\WINDOWS\system32\combase.dll
0x00007ffee4fe0000 - 0x00007ffee504a000 	C:\WINDOWS\system32\bcryptPrimitives.dll
0x00007ffee7a40000 - 0x00007ffee7a7b000 	C:\WINDOWS\system32\IMM32.DLL
0x00000000657d0000 - 0x00000000658a2000 	C:\Program Files\Java\jdk1.8.0_25\jre\bin\msvcr100.dll
0x0000000065de0000 - 0x000000006663a000 	C:\Program Files\Java\jdk1.8.0_25\jre\bin\server\jvm.dll
0x00007ffee6a80000 - 0x00007ffee6a88000 	C:\WINDOWS\system32\PSAPI.DLL
0x00007ffeddfc0000 - 0x00007ffeddfc9000 	C:\WINDOWS\SYSTEM32\WSOCK32.dll
0x00007ffee67d0000 - 0x00007ffee683b000 	C:\WINDOWS\system32\WS2_32.dll
0x00007ffee2790000 - 0x00007ffee27b3000 	C:\WINDOWS\SYSTEM32\WINMM.dll
0x00007ffee2760000 - 0x00007ffee278c000 	C:\WINDOWS\SYSTEM32\WINMMBASE.dll
0x00007ffee50b0000 - 0x00007ffee50f3000 	C:\WINDOWS\system32\cfgmgr32.dll
0x0000000065cf0000 - 0x0000000065cff000 	C:\Program Files\Java\jdk1.8.0_25\jre\bin\verify.dll
0x0000000065cc0000 - 0x0000000065ce8000 	C:\Program Files\Java\jdk1.8.0_25\jre\bin\java.dll
0x0000000065ca0000 - 0x0000000065cb6000 	C:\Program Files\Java\jdk1.8.0_25\jre\bin\zip.dll
0x00007ffee5110000 - 0x00007ffee666c000 	C:\WINDOWS\system32\SHELL32.dll
0x00007ffee4780000 - 0x00007ffee4dc5000 	C:\WINDOWS\system32\windows.storage.dll
0x00007ffee6c90000 - 0x00007ffee6ce2000 	C:\WINDOWS\system32\shlwapi.dll
0x00007ffee4380000 - 0x00007ffee438f000 	C:\WINDOWS\system32\kernel.appcore.dll
0x00007ffee44f0000 - 0x00007ffee45a5000 	C:\WINDOWS\system32\shcore.dll
0x00007ffee4330000 - 0x00007ffee437b000 	C:\WINDOWS\system32\powrprof.dll
0x00007ffee4390000 - 0x00007ffee43a4000 	C:\WINDOWS\system32\profapi.dll
0x00007ffec73c0000 - 0x00007ffec754c000 	C:\WINDOWS\SYSTEM32\dbghelp.dll

VM Arguments:
jvm_args: -Djava.awt.headless=true -Xmx1024M -Dfile.encoding=windows-1252 -Duser.country=PH -Duser.language=en -Duser.variant 
java_command: com.android.dx.command.Main --dex --num-threads=4 --output C:\Users\lauro\Documents\MyApplication\app\build\intermediates\pre-dexed\debug\com.android.support-appcompat-v7-23.1.0_eb57e424c60868178178362332e676b370018a88.jar C:\Users\lauro\Documents\MyApplication\app\build\intermediates\exploded-aar\com.android.support\appcompat-v7\23.1.0\jars\classes.jar
java_class_path (initial): C:\Users\lauro\AppData\Local\Android\sdk1\build-tools\23.0.1\lib\dx.jar
Launcher Type: SUN_STANDARD

Environment Variables:
JAVA_HOME=C:\Program Files\Java\jdk1.8.0_25
PATH=C:\ProgramData\Oracle\Java\javapath;C:\Program Files (x86)\Intel\iCLS Client\;C:\Program Files\Intel\iCLS Client\;C:\Program Files (x86)\AMD APP\bin\x86_64;C:\Program Files (x86)\AMD APP\bin\x86;C:\WINDOWS\system32;C:\WINDOWS;C:\WINDOWS\System32\Wbem;C:\WINDOWS\System32\WindowsPowerShell\v1.0\;C:\Program Files (x86)\Windows Live\Shared;C:\Program Files (x86)\ATI Technologies\ATI.ACE\Core-Static;C:\Program Files\Intel\Intel(R) Management Engine Components\DAL;C:\Program Files\Intel\Intel(R) Management Engine Components\IPT;C:\Program Files (x86)\Intel\Intel(R) Management Engine Components\DAL;C:\Program Files (x86)\Intel\Intel(R) Management Engine Components\IPT;C:\Program Files (x86)\AMD\ATI.ACE\Core-Static;C:\xampp\php;C:\ProgramData\ComposerSetup\bin;C:\Program Files\nodejs\;C:\Users\lauro\AppData\Roaming\Composer\vendor\bin;C:\Users\lauro\AppData\Roaming\npm
USERNAME=lauro
OS=Windows_NT
PROCESSOR_IDENTIFIER=Intel64 Family 6 Model 58 Stepping 9, GenuineIntel



---------------  S Y S T E M  ---------------

OS: Windows 8.1 , 64 bit Build 9600 

CPU:total 4 (2 cores per cpu, 2 threads per core) family 6 model 58 stepping 9, cmov, cx8, fxsr, mmx, sse, sse2, sse3, ssse3, sse4.1, sse4.2, popcnt, avx, clmul, erms, ht, tsc, tscinvbit, tscinv

Memory: 4k page, physical 6181144k(1324612k free), swap 8736180k(0k free)

vm_info: Java HotSpot(TM) 64-Bit Server VM (25.25-b02) for windows-amd64 JRE (1.8.0_25-b18), built on Oct  7 2014 14:25:37 by "java_re" with MS VC++ 10.0 (VS2010)

time: Sat Dec 10 16:56:35 2016
elapsed time: 3 seconds (0d 0h 0m 3s)

