#
# There is insufficient memory for the Java Runtime Environment to continue.
# Native memory allocation (malloc) failed to allocate 32744 bytes for ChunkPool::allocate
# Possible reasons:
#   The system is out of physical RAM or swap space
#   In 32 bit mode, the process size limit was hit
# Possible solutions:
#   Reduce memory load on the system
#   Increase physical memory or swap space
#   Check if swap backing store is full
#   Use 64 bit Java on a 64 bit OS
#   Decrease Java heap size (-Xmx/-Xms)
#   Decrease number of Java threads
#   Decrease Java thread stack sizes (-Xss)
#   Set larger code cache with -XX:ReservedCodeCacheSize=
# This output file may be truncated or incomplete.
#
#  Out of Memory Error (allocation.cpp:273), pid=2944, tid=9336
#
# JRE version: Java(TM) SE Runtime Environment (8.0_25-b18) (build 1.8.0_25-b18)
# Java VM: Java HotSpot(TM) 64-Bit Server VM (25.25-b02 mixed mode windows-amd64 compressed oops)
# Failed to write core dump. Minidumps are not enabled by default on client versions of Windows
#

---------------  T H R E A D  ---------------

Current thread (0x0000000014d6f000):  JavaThread "C2 CompilerThread1" daemon [_thread_in_native, id=9336, stack(0x00000000163c0000,0x00000000164c0000)]

Stack: [0x00000000163c0000,0x00000000164c0000]
Native frames: (J=compiled Java code, j=interpreted, Vv=VM code, C=native code)
V  [jvm.dll+0x31667a]
V  [jvm.dll+0x267073]
V  [jvm.dll+0x267cb3]
V  [jvm.dll+0x25f5b5]
V  [jvm.dll+0xbeec1]
V  [jvm.dll+0xbf60c]
V  [jvm.dll+0x42e0a1]
V  [jvm.dll+0x43c115]
V  [jvm.dll+0x4c086e]
V  [jvm.dll+0x4c131f]
V  [jvm.dll+0x451121]
V  [jvm.dll+0x4538f8]
V  [jvm.dll+0x437372]
V  [jvm.dll+0x98a02]
V  [jvm.dll+0x991f3]
V  [jvm.dll+0x22bde4]
V  [jvm.dll+0x2852fa]
C  [msvcr100.dll+0x21d9f]
C  [msvcr100.dll+0x21e3b]
C  [KERNEL32.DLL+0x18102]
C  [ntdll.dll+0x5c5b4]


Current CompileTask:
C2:   2747 1098       4       com.android.dx.ssa.SsaMethod::forEachInsn (36 bytes)


---------------  P R O C E S S  ---------------

Java Threads: ( => current thread )
  0x00000000168de800 JavaThread "pool-1-thread-4" [_thread_blocked, id=8208, stack(0x0000000016fc0000,0x00000000170c0000)]
  0x00000000168d8800 JavaThread "pool-1-thread-3" [_thread_blocked, id=3712, stack(0x0000000016ec0000,0x0000000016fc0000)]
  0x0000000016895000 JavaThread "pool-1-thread-2" [_thread_blocked, id=7568, stack(0x0000000016dc0000,0x0000000016ec0000)]
  0x0000000016894000 JavaThread "pool-2-thread-1" [_thread_blocked, id=10196, stack(0x0000000016cc0000,0x0000000016dc0000)]
  0x00000000167f5000 JavaThread "pool-1-thread-1" [_thread_blocked, id=3412, stack(0x0000000016bc0000,0x0000000016cc0000)]
  0x0000000014dce800 JavaThread "Service Thread" daemon [_thread_blocked, id=10608, stack(0x00000000169c0000,0x0000000016ac0000)]
  0x0000000014dcb800 JavaThread "C1 CompilerThread2" daemon [_thread_blocked, id=9388, stack(0x00000000164c0000,0x00000000165c0000)]
=>0x0000000014d6f000 JavaThread "C2 CompilerThread1" daemon [_thread_in_native, id=9336, stack(0x00000000163c0000,0x00000000164c0000)]
  0x0000000014d6c000 JavaThread "C2 CompilerThread0" daemon [_thread_in_native, id=7924, stack(0x00000000162c0000,0x00000000163c0000)]
  0x0000000014d6a800 JavaThread "Attach Listener" daemon [_thread_blocked, id=4616, stack(0x00000000161c0000,0x00000000162c0000)]
  0x0000000014d69800 JavaThread "Signal Dispatcher" daemon [_thread_blocked, id=10024, stack(0x00000000160c0000,0x00000000161c0000)]
  0x000000000268e000 JavaThread "Finalizer" daemon [_thread_blocked, id=6656, stack(0x0000000015fc0000,0x00000000160c0000)]
  0x000000000268a800 JavaThread "Reference Handler" daemon [_thread_blocked, id=4032, stack(0x0000000015ec0000,0x0000000015fc0000)]
  0x00000000025a0800 JavaThread "main" [_thread_in_Java, id=11020, stack(0x00000000023f0000,0x00000000024f0000)]

Other Threads:
  0x0000000014d35800 VMThread [stack: 0x0000000015dc0000,0x0000000015ec0000] [id=11088]
  0x00000000165c6800 WatcherThread [stack: 0x0000000016ac0000,0x0000000016bc0000] [id=10656]

VM state:not at safepoint (normal execution)

VM Mutex/Monitor currently owned by a thread: None

Heap:
 PSYoungGen      total 28672K, used 21674K [0x00000000eab00000, 0x00000000ecb00000, 0x0000000100000000)
  eden space 24576K, 88% used [0x00000000eab00000,0x00000000ec02a928,0x00000000ec300000)
  from space 4096K, 0% used [0x00000000ec700000,0x00000000ec700000,0x00000000ecb00000)
  to   space 4096K, 0% used [0x00000000ec300000,0x00000000ec300000,0x00000000ec700000)
 ParOldGen       total 65536K, used 0K [0x00000000c0000000, 0x00000000c4000000, 0x00000000eab00000)
  object space 65536K, 0% used [0x00000000c0000000,0x00000000c0000000,0x00000000c4000000)
 Metaspace       used 5795K, capacity 6832K, committed 7040K, reserved 1056768K
  class space    used 583K, capacity 616K, committed 640K, reserved 1048576K

Card table byte_map: [0x0000000011a60000,0x0000000011c70000] byte_map_base: 0x0000000011460000

Marking Bits: (ParMarkBitMap*) 0x00000000665bd490
 Begin Bits: [0x00000000121d0000, 0x00000000131d0000)
 End Bits:   [0x00000000131d0000, 0x00000000141d0000)

Polling page: 0x0000000000840000

CodeCache: size=245760Kb used=4410Kb max_used=4410Kb free=241349Kb
 bounds [0x00000000026a0000, 0x0000000002b00000, 0x00000000116a0000]
 total_blobs=1369 nmethods=1105 adapters=178
 compilation: enabled

Compilation events (10 events):
Event: 2.651 Thread 0x0000000014d6f000 nmethod 1093 0x0000000002ad75d0 code [0x0000000002ad7720, 0x0000000002ad7b38]
Event: 2.653 Thread 0x0000000014dcb800 1094       3       com.android.dx.ssa.PhiInsn::getOriginalRopInsn (2 bytes)
Event: 2.653 Thread 0x0000000014dcb800 nmethod 1094 0x0000000002ad2990 code [0x0000000002ad2ae0, 0x0000000002ad2c30]
Event: 2.653 Thread 0x0000000014dcb800 1095       3       com.android.dx.ssa.DeadCodeRemover::pruneDeadInstructions (246 bytes)
Event: 2.656 Thread 0x0000000014dcb800 nmethod 1095 0x0000000002ae1c90 code [0x0000000002ae2080, 0x0000000002ae4898]
Event: 2.657 Thread 0x0000000014dcb800 1096       3       com.android.dx.rop.cst.TypedConstant::isConstant (2 bytes)
Event: 2.657 Thread 0x0000000014dcb800 nmethod 1096 0x0000000002ad2650 code [0x0000000002ad27a0, 0x0000000002ad28f0]
Event: 2.662 Thread 0x0000000014dcb800 1097       3       com.android.dx.ssa.SsaMethod::buildUseList (112 bytes)
Event: 2.664 Thread 0x0000000014dcb800 nmethod 1097 0x0000000002adfdd0 code [0x0000000002ae0060, 0x0000000002ae12f8]
Event: 2.665 Thread 0x0000000014d6f000 1098       4       com.android.dx.ssa.SsaMethod::forEachInsn (36 bytes)

GC Heap History (0 events):
No events

Deoptimization events (4 events):
Event: 1.838 Thread 0x00000000168de800 Uncommon trap: reason=class_check action=maybe_recompile pc=0x0000000002950aec method=com.android.dx.ssa.NormalSsaInsn.accept(Lcom/android/dx/ssa/SsaInsn$Visitor;)V @ 9
Event: 1.838 Thread 0x00000000168de800 Uncommon trap: reason=class_check action=maybe_recompile pc=0x0000000002925b70 method=com.android.dx.ssa.NormalSsaInsn.accept(Lcom/android/dx/ssa/SsaInsn$Visitor;)V @ 9
Event: 1.838 Thread 0x00000000168de800 Uncommon trap: reason=class_check action=maybe_recompile pc=0x0000000002925b70 method=com.android.dx.ssa.NormalSsaInsn.accept(Lcom/android/dx/ssa/SsaInsn$Visitor;)V @ 9
Event: 1.838 Thread 0x00000000168de800 Uncommon trap: reason=class_check action=maybe_recompile pc=0x0000000002925b70 method=com.android.dx.ssa.NormalSsaInsn.accept(Lcom/android/dx/ssa/SsaInsn$Visitor;)V @ 9

Internal exceptions (10 events):
Event: 1.232 Thread 0x00000000167f5000 Exception <a 'java/security/PrivilegedActionException'> (0x00000000eb59fd28) thrown at [D:\re\workspace\8-2-build-windows-amd64-cygwin\jdk8u25\1677\hotspot\src\share\vm\prims\jvm.cpp, line 1312]
Event: 1.237 Thread 0x00000000167f5000 Exception <a 'java/security/PrivilegedActionException'> (0x00000000eb5ac550) thrown at [D:\re\workspace\8-2-build-windows-amd64-cygwin\jdk8u25\1677\hotspot\src\share\vm\prims\jvm.cpp, line 1312]
Event: 1.238 Thread 0x0000000016895000 Exception <a 'java/security/PrivilegedActionException'> (0x00000000eb36ebf8) thrown at [D:\re\workspace\8-2-build-windows-amd64-cygwin\jdk8u25\1677\hotspot\src\share\vm\prims\jvm.cpp, line 1312]
Event: 1.239 Thread 0x0000000016895000 Exception <a 'java/security/PrivilegedActionException'> (0x00000000eb373500) thrown at [D:\re\workspace\8-2-build-windows-amd64-cygwin\jdk8u25\1677\hotspot\src\share\vm\prims\jvm.cpp, line 1312]
Event: 1.240 Thread 0x00000000025a0800 Exception <a 'java/security/PrivilegedActionException'> (0x00000000eb562b88) thrown at [D:\re\workspace\8-2-build-windows-amd64-cygwin\jdk8u25\1677\hotspot\src\share\vm\prims\jvm.cpp, line 1312]
Event: 1.251 Thread 0x0000000016895000 Exception <a 'java/security/PrivilegedActionException'> (0x00000000eb391128) thrown at [D:\re\workspace\8-2-build-windows-amd64-cygwin\jdk8u25\1677\hotspot\src\share\vm\prims\jvm.cpp, line 1312]
Event: 1.259 Thread 0x00000000025a0800 Exception <a 'java/security/PrivilegedActionException'> (0x00000000eb5883c8) thrown at [D:\re\workspace\8-2-build-windows-amd64-cygwin\jdk8u25\1677\hotspot\src\share\vm\prims\jvm.cpp, line 1312]
Event: 1.260 Thread 0x00000000025a0800 Exception <a 'java/security/PrivilegedActionException'> (0x00000000eb58a940) thrown at [D:\re\workspace\8-2-build-windows-amd64-cygwin\jdk8u25\1677\hotspot\src\share\vm\prims\jvm.cpp, line 1312]
Event: 1.273 Thread 0x0000000016895000 Exception <a 'java/security/PrivilegedActionException'> (0x00000000eb6494d8) thrown at [D:\re\workspace\8-2-build-windows-amd64-cygwin\jdk8u25\1677\hotspot\src\share\vm\prims\jvm.cpp, line 1312]
Event: 1.429 Thread 0x00000000168d8800 Exception <a 'java/security/PrivilegedActionException'> (0x00000000eb505248) thrown at [D:\re\workspace\8-2-build-windows-amd64-cygwin\jdk8u25\1677\hotspot\src\share\vm\prims\jvm.cpp, line 1312]

Events (10 events):
Event: 1.838 Thread 0x00000000168de800 DEOPT PACKING pc=0x0000000002925b70 sp=0x00000000170bea70
Event: 1.838 Thread 0x00000000168de800 DEOPT UNPACKING pc=0x00000000026e556a sp=0x00000000170bea10 mode 2
Event: 1.838 Thread 0x00000000168de800 Uncommon trap: trap_request=0xffffffde fr.pc=0x0000000002925b70
Event: 1.838 Thread 0x00000000168de800 DEOPT PACKING pc=0x0000000002925b70 sp=0x00000000170bea70
Event: 1.838 Thread 0x00000000168de800 DEOPT UNPACKING pc=0x00000000026e556a sp=0x00000000170bea10 mode 2
Event: 1.838 Thread 0x00000000168de800 Uncommon trap: trap_request=0xffffffde fr.pc=0x0000000002925b70
Event: 1.838 Thread 0x00000000168de800 DEOPT PACKING pc=0x0000000002925b70 sp=0x00000000170bea70
Event: 1.838 Thread 0x00000000168de800 DEOPT UNPACKING pc=0x00000000026e556a sp=0x00000000170bea10 mode 2
Event: 1.886 loading class java/util/DualPivotQuicksort
Event: 1.886 loading class java/util/DualPivotQuicksort done


Dynamic libraries:
0x00007ff61ae80000 - 0x00007ff61aeb4000 	C:\Program Files\Java\jdk1.8.0_25\bin\java.exe
0x00007ffee7d00000 - 0x00007ffee7ec1000 	C:\WINDOWS\SYSTEM32\ntdll.dll
0x00007ffee77d0000 - 0x00007ffee787d000 	C:\WINDOWS\system32\KERNEL32.DLL
0x00007ffee4dd0000 - 0x00007ffee4fb8000 	C:\WINDOWS\system32\KERNELBASE.dll
0x00007ffee6840000 - 0x00007ffee68e7000 	C:\WINDOWS\system32\ADVAPI32.dll
0x00007ffee6d50000 - 0x00007ffee6ded000 	C:\WINDOWS\system32\msvcrt.dll
0x00007ffee6a90000 - 0x00007ffee6aeb000 	C:\WINDOWS\system32\sechost.dll
0x00007ffee68f0000 - 0x00007ffee6a0c000 	C:\WINDOWS\system32\RPCRT4.dll
0x00007ffee72f0000 - 0x00007ffee7446000 	C:\WINDOWS\system32\USER32.dll
0x00007ffee6b00000 - 0x00007ffee6c86000 	C:\WINDOWS\system32\GDI32.dll
0x00007ffed8b70000 - 0x00007ffed8de4000 	C:\WINDOWS\WinSxS\amd64_microsoft.windows.common-controls_6595b64144ccf1df_6.0.10586.672_none_a2d6b3cea53ff843\COMCTL32.dll
0x00007ffee7a80000 - 0x00007ffee7cfd000 	C:\WINDOWS\system32\combase.dll
0x00007ffee4fe0000 - 0x00007ffee504a000 	C:\WINDOWS\system32\bcryptPrimitives.dll
0x00007ffee7a40000 - 0x00007ffee7a7b000 	C:\WINDOWS\system32\IMM32.DLL
0x00000000657d0000 - 0x00000000658a2000 	C:\Program Files\Java\jdk1.8.0_25\jre\bin\msvcr100.dll
0x0000000065de0000 - 0x000000006663a000 	C:\Program Files\Java\jdk1.8.0_25\jre\bin\server\jvm.dll
0x00007ffee6a80000 - 0x00007ffee6a88000 	C:\WINDOWS\system32\PSAPI.DLL
0x00007ffeddfc0000 - 0x00007ffeddfc9000 	C:\WINDOWS\SYSTEM32\WSOCK32.dll
0x00007ffee2790000 - 0x00007ffee27b3000 	C:\WINDOWS\SYSTEM32\WINMM.dll
0x00007ffee67d0000 - 0x00007ffee683b000 	C:\WINDOWS\system32\WS2_32.dll
0x0000000000860000 - 0x000000000088c000 	C:\WINDOWS\SYSTEM32\WINMMBASE.dll
0x00007ffee50b0000 - 0x00007ffee50f3000 	C:\WINDOWS\system32\cfgmgr32.dll
0x0000000065cf0000 - 0x0000000065cff000 	C:\Program Files\Java\jdk1.8.0_25\jre\bin\verify.dll
0x0000000065cc0000 - 0x0000000065ce8000 	C:\Program Files\Java\jdk1.8.0_25\jre\bin\java.dll
0x0000000065ca0000 - 0x0000000065cb6000 	C:\Program Files\Java\jdk1.8.0_25\jre\bin\zip.dll
0x00007ffee5110000 - 0x00007ffee666c000 	C:\WINDOWS\system32\SHELL32.dll
0x00007ffee4780000 - 0x00007ffee4dc5000 	C:\WINDOWS\system32\windows.storage.dll
0x00007ffee6c90000 - 0x00007ffee6ce2000 	C:\WINDOWS\system32\shlwapi.dll
0x00007ffee4380000 - 0x00007ffee438f000 	C:\WINDOWS\system32\kernel.appcore.dll
0x00007ffee44f0000 - 0x00007ffee45a5000 	C:\WINDOWS\system32\shcore.dll
0x00007ffee4330000 - 0x00007ffee437b000 	C:\WINDOWS\system32\powrprof.dll
0x00007ffee4390000 - 0x00007ffee43a4000 	C:\WINDOWS\system32\profapi.dll
0x00007ffec73c0000 - 0x00007ffec754c000 	C:\WINDOWS\SYSTEM32\dbghelp.dll

VM Arguments:
jvm_args: -Djava.awt.headless=true -Xmx1024M -Dfile.encoding=windows-1252 -Duser.country=PH -Duser.language=en -Duser.variant 
java_command: com.android.dx.command.Main --dex --num-threads=4 --output C:\Users\lauro\Documents\MyApplication\app\build\intermediates\pre-dexed\debug\com.android.support-support-v4-23.1.0_17177ab397b8c9d77583e11291a94663f8bc491c.jar C:\Users\lauro\Documents\MyApplication\app\build\intermediates\exploded-aar\com.android.support\support-v4\23.1.0\jars\classes.jar
java_class_path (initial): C:\Users\lauro\AppData\Local\Android\sdk1\build-tools\23.0.1\lib\dx.jar
Launcher Type: SUN_STANDARD

Environment Variables:
JAVA_HOME=C:\Program Files\Java\jdk1.8.0_25
PATH=C:\ProgramData\Oracle\Java\javapath;C:\Program Files (x86)\Intel\iCLS Client\;C:\Program Files\Intel\iCLS Client\;C:\Program Files (x86)\AMD APP\bin\x86_64;C:\Program Files (x86)\AMD APP\bin\x86;C:\WINDOWS\system32;C:\WINDOWS;C:\WINDOWS\System32\Wbem;C:\WINDOWS\System32\WindowsPowerShell\v1.0\;C:\Program Files (x86)\Windows Live\Shared;C:\Program Files (x86)\ATI Technologies\ATI.ACE\Core-Static;C:\Program Files\Intel\Intel(R) Management Engine Components\DAL;C:\Program Files\Intel\Intel(R) Management Engine Components\IPT;C:\Program Files (x86)\Intel\Intel(R) Management Engine Components\DAL;C:\Program Files (x86)\Intel\Intel(R) Management Engine Components\IPT;C:\Program Files (x86)\AMD\ATI.ACE\Core-Static;C:\xampp\php;C:\ProgramData\ComposerSetup\bin;C:\Program Files\nodejs\;C:\Users\lauro\AppData\Roaming\Composer\vendor\bin;C:\Users\lauro\AppData\Roaming\npm
USERNAME=lauro
OS=Windows_NT
PROCESSOR_IDENTIFIER=Intel64 Family 6 Model 58 Stepping 9, GenuineIntel



---------------  S Y S T E M  ---------------

OS: Windows 8.1 , 64 bit Build 9600 

CPU:total 4 (2 cores per cpu, 2 threads per core) family 6 model 58 stepping 9, cmov, cx8, fxsr, mmx, sse, sse2, sse3, ssse3, sse4.1, sse4.2, popcnt, avx, clmul, erms, ht, tsc, tscinvbit, tscinv

Memory: 4k page, physical 6181144k(1238572k free), swap 9078260k(4104k free)

vm_info: Java HotSpot(TM) 64-Bit Server VM (25.25-b02) for windows-amd64 JRE (1.8.0_25-b18), built on Oct  7 2014 14:25:37 by "java_re" with MS VC++ 10.0 (VS2010)

time: Sat Dec 10 16:57:47 2016
elapsed time: 2 seconds (0d 0h 0m 2s)

